<?xml version="1.0" encoding="UTF-8"?>
<testsuite xmlns:xsi="http://www.w3.org/2001/XMLSchema-instance" xsi:noNamespaceSchemaLocation="https://maven.apache.org/surefire/maven-surefire-plugin/xsd/surefire-test-report.xsd" version="3.0.1" name="fga0242.service.PedidoServiceExceptionTest" time="0.0" tests="3" errors="0" skipped="0" failures="0">
  <properties>
[...]
</properties>
  <testcase name="deveLancarExcecaoQuandoPedidoNaoTemCliente" classname="fga0242.service.PedidoServiceExceptionTest" time="0.0"/>
  <testcase name="deveLancarExcecaoQuandoPedidoNaoTemCliente" classname="fga0242.service.PedidoServiceExceptionTest" time="0.0"/>
  <testcase name="deveLancarExcecaoQuandoPedidoNaoTemItens" classname="fga0242.service.PedidoServiceExceptionTest" time="0.0"/>
  <testcase name="deveLancarExcecaoQuandoPedidoNaoTemItens" classname="fga0242.service.PedidoServiceExceptionTest" time="0.0"/>
  <testcase name="deveLancarExcecaoQuandoQuantidadeSolicitadaExcedeEstoque" classname="fga0242.service.PedidoServiceExceptionTest" time="0.001"/>
  <testcase name="deveLancarExcecaoQuandoQuantidadeSolicitadaExcedeEstoque" classname="fga0242.service.PedidoServiceExceptionTest" time="0.0"/>
</testsuite>